2025-10-28 15:29:02,665 UTC INFO     pages.demoqa.play.base_page_play  Navigating to: https://casaideas.com.bo/
2025-10-28 15:29:06,917 UTC INFO     pages.demoqa.play.base_page_play  Clicking on ESPACIOS DE LA CASA  element: A
2025-10-28 15:29:07,048 UTC INFO     pages.demoqa.play.base_page_play  Clicking on Accesorios Personales element: A
2025-10-28 15:29:09,630 UTC INFO     pages.demoqa.play.base_page_play  Clicking on BUTTON element: BUTTON
2025-10-28 15:29:10,011 UTC INFO     pages.demoqa.play.base_page_play  Clicking on COMPLETAR LA COMPRA element: BUTTON
2025-10-28 15:29:11,071 UTC INFO     pages.demoqa.play.base_page_play  Clicking on COMPLETAR LA COMPRA element: BUTTON
2025-10-28 15:29:11,413 UTC INFO     pages.demoqa.play.base_page_play  Entering text 'vlad.garciaperez@gmail.com' into INPUT element: INPUT
2025-10-28 15:29:11,454 UTC INFO     pages.demoqa.play.base_page_play  Entering text 'casaideasPWD1!' into INPUT element: INPUT
2025-10-28 15:29:11,522 UTC INFO     pages.demoqa.play.base_page_play  Clicking on Iniciar sesión element: BUTTON
2025-10-28 15:29:11,674 UTC INFO     pages.demoqa.play.base_page_play  Clicking on COMPLETAR LA COMPRA element: BUTTON
2025-10-28 15:29:14,981 UTC INFO     pages.demoqa.play.base_page_play  Navigating to: https://casaideas.com.bo/
2025-10-28 15:29:20,152 UTC INFO     pages.demoqa.play.base_page_play  Clicking on ESPACIOS DE LA CASA  element: A
2025-10-28 15:29:20,301 UTC INFO     pages.demoqa.play.base_page_play  Clicking on Accesorios Personales element: A
2025-10-28 15:29:22,775 UTC INFO     pages.demoqa.play.base_page_play  Clicking on BUTTON element: BUTTON
2025-10-28 15:29:23,183 UTC INFO     pages.demoqa.play.base_page_play  Clicking on COMPLETAR LA COMPRA element: BUTTON
2025-10-28 15:29:24,292 UTC INFO     pages.demoqa.play.base_page_play  Clicking on COMPLETAR LA COMPRA element: BUTTON
2025-10-28 15:29:24,641 UTC INFO     pages.demoqa.play.base_page_play  Entering text 'wrong_user@example.com' into INPUT element: INPUT
2025-10-28 15:29:24,688 UTC INFO     pages.demoqa.play.base_page_play  Entering text 'WrongPass' into INPUT element: INPUT
2025-10-28 15:29:24,753 UTC INFO     pages.demoqa.play.base_page_play  Clicking on Iniciar sesión element: BUTTON
2025-10-28 15:29:24,864 UTC INFO     pages.demoqa.play.base_page_play  Clicking on COMPLETAR LA COMPRA element: BUTTON
