2025-10-28 15:08:43,812 UTC INFO     pages.demoqa.play.base_page_play  Navigating to: https://casaideas.com.bo/
2025-10-28 15:08:48,770 UTC INFO     pages.demoqa.play.base_page_play  Clicking on ESPACIOS DE LA CASA  element: A
2025-10-28 15:08:48,916 UTC INFO     pages.demoqa.play.base_page_play  Clicking on Accesorios Personales element: A
2025-10-28 15:08:51,702 UTC INFO     pages.demoqa.play.base_page_play  Clicking on BUTTON element: BUTTON
2025-10-28 15:08:52,080 UTC INFO     pages.demoqa.play.base_page_play  Clicking on COMPLETAR LA COMPRA element: BUTTON
2025-10-28 15:08:53,150 UTC INFO     pages.demoqa.play.base_page_play  Clicking on COMPLETAR LA COMPRA element: BUTTON
2025-10-28 15:08:53,300 UTC INFO     pages.demoqa.play.base_page_play  Entering text 'wrong_user@example.com' into INPUT element: INPUT
2025-10-28 15:08:53,339 UTC INFO     pages.demoqa.play.base_page_play  Entering text 'WrongPass' into INPUT element: INPUT
2025-10-28 15:08:53,393 UTC INFO     pages.demoqa.play.base_page_play  Clicking on Iniciar sesión element: BUTTON
2025-10-28 15:08:53,491 UTC INFO     pages.demoqa.play.base_page_play  Clicking on COMPLETAR LA COMPRA element: BUTTON
2025-10-28 15:09:24,046 UTC INFO     pages.demoqa.play.base_page_play  Navigating to: https://casaideas.com.bo/
2025-10-28 15:09:28,038 UTC INFO     pages.demoqa.play.base_page_play  Clicking on ESPACIOS DE LA CASA  element: A
2025-10-28 15:09:28,231 UTC INFO     pages.demoqa.play.base_page_play  Clicking on Accesorios Personales element: A
2025-10-28 15:09:30,325 UTC INFO     pages.demoqa.play.base_page_play  Clicking on BUTTON element: BUTTON
2025-10-28 15:09:30,633 UTC INFO     pages.demoqa.play.base_page_play  Clicking on COMPLETAR LA COMPRA element: BUTTON
2025-10-28 15:09:31,701 UTC INFO     pages.demoqa.play.base_page_play  Clicking on COMPLETAR LA COMPRA element: BUTTON
2025-10-28 15:09:32,058 UTC INFO     pages.demoqa.play.base_page_play  Entering text 'vlad.garciaperez@gmail.com' into INPUT element: INPUT
2025-10-28 15:09:32,096 UTC INFO     pages.demoqa.play.base_page_play  Entering text 'casaideasPWD1!' into INPUT element: INPUT
2025-10-28 15:09:32,186 UTC INFO     pages.demoqa.play.base_page_play  Clicking on Iniciar sesión element: BUTTON
2025-10-28 15:09:32,343 UTC INFO     pages.demoqa.play.base_page_play  Clicking on COMPLETAR LA COMPRA element: BUTTON
