2025-10-28 15:15:44,201 UTC INFO     pages.demoqa.play.base_page_play  Navigating to: https://casaideas.com.bo/
2025-10-28 15:15:48,620 UTC INFO     pages.demoqa.play.base_page_play  Clicking on ESPACIOS DE LA CASA  element: A
2025-10-28 15:15:48,773 UTC INFO     pages.demoqa.play.base_page_play  Clicking on Accesorios Personales element: A
2025-10-28 15:15:50,772 UTC INFO     pages.demoqa.play.base_page_play  Clicking on BUTTON element: BUTTON
2025-10-28 15:15:51,055 UTC INFO     pages.demoqa.play.base_page_play  Clicking on COMPLETAR LA COMPRA element: BUTTON
2025-10-28 15:15:52,111 UTC INFO     pages.demoqa.play.base_page_play  Clicking on COMPLETAR LA COMPRA element: BUTTON
2025-10-28 15:15:52,454 UTC INFO     pages.demoqa.play.base_page_play  Entering text 'wrong_user@example.com' into INPUT element: INPUT
2025-10-28 15:15:52,492 UTC INFO     pages.demoqa.play.base_page_play  Entering text 'WrongPass' into INPUT element: INPUT
2025-10-28 15:15:52,557 UTC INFO     pages.demoqa.play.base_page_play  Clicking on Iniciar sesión element: BUTTON
2025-10-28 15:15:52,676 UTC INFO     pages.demoqa.play.base_page_play  Clicking on COMPLETAR LA COMPRA element: BUTTON
2025-10-28 15:16:23,292 UTC INFO     pages.demoqa.play.base_page_play  Navigating to: https://casaideas.com.bo/
2025-10-28 15:16:27,342 UTC INFO     pages.demoqa.play.base_page_play  Clicking on ESPACIOS DE LA CASA  element: A
2025-10-28 15:16:27,510 UTC INFO     pages.demoqa.play.base_page_play  Clicking on Accesorios Personales element: A
2025-10-28 15:16:29,888 UTC INFO     pages.demoqa.play.base_page_play  Clicking on BUTTON element: BUTTON
2025-10-28 15:16:30,248 UTC INFO     pages.demoqa.play.base_page_play  Clicking on COMPLETAR LA COMPRA element: BUTTON
2025-10-28 15:16:31,308 UTC INFO     pages.demoqa.play.base_page_play  Clicking on COMPLETAR LA COMPRA element: BUTTON
2025-10-28 15:16:31,650 UTC INFO     pages.demoqa.play.base_page_play  Entering text 'vlad.garciaperez@gmail.com' into INPUT element: INPUT
2025-10-28 15:16:31,687 UTC INFO     pages.demoqa.play.base_page_play  Entering text 'casaideasPWD1!' into INPUT element: INPUT
2025-10-28 15:16:31,760 UTC INFO     pages.demoqa.play.base_page_play  Clicking on Iniciar sesión element: BUTTON
2025-10-28 15:16:31,884 UTC INFO     pages.demoqa.play.base_page_play  Clicking on COMPLETAR LA COMPRA element: BUTTON
