2025-10-29 17:21:21,250 UTC INFO     conftest         Test name: 'test_user_login[chromium-user_data0]' started
2025-10-29 17:21:21,252 UTC INFO     pages.demoqa.play.base_page_play  Navigating to: https://casaideas.com.bo/
2025-10-29 17:21:28,677 UTC INFO     pages.demoqa.play.base_page_play  Clicking on ESPACIOS DE LA CASA  element: A
2025-10-29 17:21:28,821 UTC INFO     pages.demoqa.play.base_page_play  Clicking on Accesorios Personales element: A
2025-10-29 17:21:31,184 UTC INFO     pages.demoqa.play.base_page_play  Clicking on BUTTON element: BUTTON
2025-10-29 17:21:31,535 UTC INFO     pages.demoqa.play.base_page_play  Clicking on COMPLETAR LA COMPRA element: BUTTON
2025-10-29 17:21:32,565 UTC INFO     pages.demoqa.play.base_page_play  Clicking on COMPLETAR LA COMPRA element: BUTTON
2025-10-29 17:21:33,040 UTC INFO     pages.demoqa.play.base_page_play  Entering text 'wrong_user@example.com' into INPUT element: INPUT
2025-10-29 17:21:33,082 UTC INFO     pages.demoqa.play.base_page_play  Entering text 'WrongPass' into INPUT element: INPUT
2025-10-29 17:21:33,152 UTC INFO     pages.demoqa.play.base_page_play  Clicking on Iniciar sesión element: BUTTON
2025-10-29 17:21:33,240 UTC INFO     pages.demoqa.play.base_page_play  Clicking on COMPLETAR LA COMPRA element: BUTTON
2025-10-29 17:22:03,379 UTC INFO     conftest         Test name: 'test_user_login[chromium-user_data0]' finished
2025-10-29 17:22:03,486 UTC INFO     pages.demoqa.play.base_page_play  Navigating to: https://casaideas.com.bo/
2025-10-29 17:22:07,503 UTC INFO     pages.demoqa.play.base_page_play  Clicking on ESPACIOS DE LA CASA  element: A
2025-10-29 17:22:07,650 UTC INFO     pages.demoqa.play.base_page_play  Clicking on Accesorios Personales element: A
2025-10-29 17:22:09,629 UTC INFO     pages.demoqa.play.base_page_play  Clicking on BUTTON element: BUTTON
2025-10-29 17:22:10,040 UTC INFO     pages.demoqa.play.base_page_play  Clicking on COMPLETAR LA COMPRA element: BUTTON
2025-10-29 17:22:11,078 UTC INFO     pages.demoqa.play.base_page_play  Clicking on COMPLETAR LA COMPRA element: BUTTON
2025-10-29 17:22:11,561 UTC INFO     pages.demoqa.play.base_page_play  Clicking on Iniciar sesión element: BUTTON
2025-10-29 17:22:11,733 UTC INFO     conftest         Test name: 'test_city_selection[chromium]' started
2025-10-29 17:22:11,734 UTC INFO     pages.demoqa.play.base_page_play  Navigating to: https://casaideas.com.bo/
2025-10-29 17:22:14,619 UTC INFO     conftest         Test name: 'test_city_selection[chromium]' finished
2025-10-29 17:22:14,721 UTC INFO     conftest         Test name: 'test_landing_page[chromium]' started
2025-10-29 17:22:14,722 UTC INFO     pages.demoqa.play.base_page_play  Navigating to: https://casaideas.com.bo/
2025-10-29 17:22:17,353 UTC INFO     conftest         Test name: 'test_landing_page[chromium]' finished
2025-10-29 17:22:17,456 UTC INFO     conftest         Test name: 'test_product_selection[chromium]' started
2025-10-29 17:22:17,457 UTC INFO     pages.demoqa.play.base_page_play  Navigating to: https://casaideas.com.bo/
2025-10-29 17:22:20,644 UTC INFO     pages.demoqa.play.base_page_play  Clicking on ESPACIOS DE LA CASA  element: A
2025-10-29 17:22:20,792 UTC INFO     pages.demoqa.play.base_page_play  Clicking on Accesorios Personales element: A
2025-10-29 17:22:23,487 UTC INFO     conftest         Test name: 'test_product_selection[chromium]' finished
2025-10-29 17:22:23,590 UTC INFO     conftest         Test name: 'test_user_login[chromium-user_data1]' started
2025-10-29 17:22:23,591 UTC INFO     pages.demoqa.play.base_page_play  Navigating to: https://casaideas.com.bo/
2025-10-29 17:22:27,593 UTC INFO     pages.demoqa.play.base_page_play  Clicking on ESPACIOS DE LA CASA  element: A
2025-10-29 17:22:27,741 UTC INFO     pages.demoqa.play.base_page_play  Clicking on Accesorios Personales element: A
2025-10-29 17:22:29,673 UTC INFO     pages.demoqa.play.base_page_play  Clicking on BUTTON element: BUTTON
2025-10-29 17:22:29,903 UTC INFO     pages.demoqa.play.base_page_play  Clicking on COMPLETAR LA COMPRA element: BUTTON
2025-10-29 17:22:30,932 UTC INFO     pages.demoqa.play.base_page_play  Clicking on COMPLETAR LA COMPRA element: BUTTON
2025-10-29 17:22:31,434 UTC INFO     pages.demoqa.play.base_page_play  Entering text 'vlad.garciaperez@gmail.com' into INPUT element: INPUT
2025-10-29 17:22:31,465 UTC INFO     pages.demoqa.play.base_page_play  Entering text 'casaideasPWD1!' into INPUT element: INPUT
2025-10-29 17:22:31,518 UTC INFO     pages.demoqa.play.base_page_play  Clicking on Iniciar sesión element: BUTTON
2025-10-29 17:22:31,605 UTC INFO     pages.demoqa.play.base_page_play  Clicking on COMPLETAR LA COMPRA element: BUTTON
2025-10-29 17:22:34,396 UTC INFO     conftest         Test name: 'test_user_login[chromium-user_data1]' finished
2025-10-29 17:22:39,290 UTC INFO     pages.demoqa.selenium.landing_page  Navigating to the page: https://casaideas.com.bo
2025-10-29 17:22:43,372 UTC INFO     test_landing_page  Environment: development
2025-10-29 17:22:44,236 UTC INFO     pages.demoqa.selenium.landing_page  Navigating to the page: https://casaideas.com.bo
2025-10-29 17:22:44,236 UTC INFO     test_landing_page  Verifying the elements displayed
2025-10-29 17:22:44,237 UTC INFO     pages.demoqa.selenium.base_page  Finding element:  ('name', '59')
2025-10-29 17:22:46,575 UTC INFO     test_landing_page  La Paz option: LA PAZ
2025-10-29 17:22:46,576 UTC INFO     pages.demoqa.selenium.base_page  Finding element:  ('name', '61')
2025-10-29 17:22:46,596 UTC INFO     test_landing_page  Cochabamba option: COCHABAMBA
2025-10-29 17:22:46,597 UTC INFO     pages.demoqa.selenium.base_page  Finding element:  ('name', '60')
2025-10-29 17:22:46,625 UTC INFO     test_landing_page  Santa Cruz option: SANTA CRUZ
2025-10-29 17:22:46,626 UTC INFO     pages.demoqa.selenium.base_page  Finding element:  ('name', '181')
2025-10-29 17:22:46,659 UTC INFO     test_landing_page  Sucre option: SUCRE
2025-10-29 17:22:46,660 UTC INFO     pages.demoqa.selenium.base_page  Finding element:  ('name', '62')
2025-10-29 17:22:46,692 UTC INFO     test_landing_page  Otras ciudades option: OTRAS CIUDADES
2025-10-29 17:22:46,693 UTC INFO     pages.demoqa.selenium.base_page  Finding element:  ('name', '59')
2025-10-29 17:22:46,723 UTC INFO     pages.demoqa.selenium.base_page  Finding element:  ('name', '61')
2025-10-29 17:22:46,743 UTC INFO     pages.demoqa.selenium.base_page  Finding element:  ('name', '60')
2025-10-29 17:22:46,764 UTC INFO     pages.demoqa.selenium.base_page  Finding element:  ('name', '181')
2025-10-29 17:22:46,789 UTC INFO     pages.demoqa.selenium.base_page  Finding element:  ('name', '62')
