2025-10-28 14:01:11,347 UTC INFO     pages.demoqa.play.base_page_play  Navigating to: https://casaideas.com.bo/
2025-10-28 14:01:15,798 UTC INFO     pages.demoqa.play.base_page_play  Clicking on ESPACIOS DE LA CASA  element: A
2025-10-28 14:01:15,939 UTC INFO     pages.demoqa.play.base_page_play  Clicking on Accesorios Personales element: A
2025-10-28 14:01:18,014 UTC INFO     pages.demoqa.play.base_page_play  Clicking on BUTTON element: BUTTON
2025-10-28 14:01:18,330 UTC INFO     pages.demoqa.play.base_page_play  Clicking on COMPLETAR LA COMPRA element: BUTTON
2025-10-28 14:01:19,393 UTC INFO     pages.demoqa.play.base_page_play  Clicking on COMPLETAR LA COMPRA element: BUTTON
2025-10-28 14:01:19,748 UTC INFO     pages.demoqa.play.base_page_play  Entering text 'vlad.garciaperez@gmail.com' into INPUT element: INPUT
2025-10-28 14:01:19,782 UTC INFO     pages.demoqa.play.base_page_play  Entering text 'casaideasPWD1!' into INPUT element: INPUT
2025-10-28 14:01:19,873 UTC INFO     pages.demoqa.play.base_page_play  Clicking on Iniciar sesión element: BUTTON
2025-10-28 14:01:19,980 UTC INFO     pages.demoqa.play.base_page_play  Clicking on COMPLETAR LA COMPRA element: BUTTON
2025-10-28 14:01:23,588 UTC INFO     pages.demoqa.play.base_page_play  Navigating to: https://casaideas.com.bo/
2025-10-28 14:01:28,207 UTC INFO     pages.demoqa.play.base_page_play  Clicking on ESPACIOS DE LA CASA  element: A
2025-10-28 14:01:28,342 UTC INFO     pages.demoqa.play.base_page_play  Clicking on Accesorios Personales element: A
2025-10-28 14:01:30,392 UTC INFO     pages.demoqa.play.base_page_play  Clicking on BUTTON element: BUTTON
2025-10-28 14:01:30,768 UTC INFO     pages.demoqa.play.base_page_play  Clicking on COMPLETAR LA COMPRA element: BUTTON
2025-10-28 14:01:31,846 UTC INFO     pages.demoqa.play.base_page_play  Clicking on COMPLETAR LA COMPRA element: BUTTON
2025-10-28 14:01:32,186 UTC INFO     pages.demoqa.play.base_page_play  Entering text 'wrong_user@example.com' into INPUT element: INPUT
2025-10-28 14:01:32,218 UTC INFO     pages.demoqa.play.base_page_play  Entering text 'WrongPass' into INPUT element: INPUT
2025-10-28 14:01:32,289 UTC INFO     pages.demoqa.play.base_page_play  Clicking on Iniciar sesión element: BUTTON
2025-10-28 14:01:32,412 UTC INFO     pages.demoqa.play.base_page_play  Clicking on COMPLETAR LA COMPRA element: BUTTON
